<?xml version="1.0" encoding="UTF-8"?>
<!-- Generated by org.testng.reporters.JUnitReportReporter -->
<testsuite hostname="DESKTOP-JBDG9KT" failures="0" tests="1" name="com.base.RunnerTest" time="11.253" errors="0" timestamp="2021-04-16T21:13:57 IST" skipped="0">
  <testcase classname="com.base.RunnerTest" name="startExecution" time="11.253"/>
  <system-out/>
</testsuite> <!-- com.base.RunnerTest -->
